TN:
SF:src\modules\appointments\services\CreateAppointmentService.ts
FN:15,(anonymous_18)
FN:16,CreateAppointmentService
FN:21,(anonymous_20)
FNF:3
FNH:0
FNDA:0,(anonymous_18)
FNDA:0,CreateAppointmentService
FNDA:0,(anonymous_20)
DA:1,0
DA:2,0
DA:8,0
DA:15,0
DA:18,0
DA:21,0
DA:22,0
DA:23,0
DA:25,0
DA:27,0
DA:31,0
DA:32,0
DA:35,0
DA:40,0
DA:42,0
DA:44,0
LF:16
LH:0
BRDA:31,0,0,0
BRDA:31,0,1,0
BRF:2
BRH:0
end_of_record
TN:
SF:src\modules\users\services\CreateSessionService.ts
FN:22,(anonymous_18)
FN:23,CreateSessionService
FN:31,(anonymous_20)
FNF:3
FNH:0
FNDA:0,(anonymous_18)
FNDA:0,CreateSessionService
FNDA:0,(anonymous_20)
DA:1,0
DA:2,0
DA:4,0
DA:10,0
DA:22,0
DA:25,0
DA:28,0
DA:31,0
DA:32,0
DA:33,0
DA:35,0
DA:37,0
DA:38,0
DA:41,0
DA:46,0
DA:47,0
DA:50,0
DA:52,0
DA:57,0
DA:62,0
DA:64,0
LF:21
LH:0
BRDA:35,0,0,0
BRDA:37,1,0,0
BRDA:37,1,1,0
BRDA:46,2,0,0
BRDA:46,2,1,0
BRF:5
BRH:0
end_of_record
TN:
SF:src\modules\users\services\CreateUserService.ts
FN:15,(anonymous_18)
FN:16,CreateUserService
FN:23,(anonymous_20)
FNF:3
FNH:0
FNDA:0,(anonymous_18)
FNDA:0,CreateUserService
FNDA:0,(anonymous_20)
DA:5,0
DA:7,0
DA:15,0
DA:18,0
DA:20,0
DA:23,0
DA:24,0
DA:26,0
DA:27,0
DA:30,0
DA:32,0
DA:37,0
DA:39,0
DA:40,0
LF:14
LH:0
BRDA:24,0,0,0
BRDA:26,1,0,0
BRDA:26,1,1,0
BRF:3
BRH:0
end_of_record
TN:
SF:src\modules\users\services\ResetPasswordService.ts
FN:21,(anonymous_18)
FN:22,ResetPasswordService
FN:33,(anonymous_20)
FNF:3
FNH:0
FNDA:0,(anonymous_18)
FNDA:0,ResetPasswordService
FNDA:0,(anonymous_20)
DA:1,0
DA:2,0
DA:4,0
DA:21,0
DA:24,0
DA:27,0
DA:30,0
DA:33,0
DA:34,0
DA:35,0
DA:36,0
DA:39,0
DA:40,0
DA:41,0
DA:44,0
DA:45,0
DA:47,0
DA:48,0
DA:51,0
DA:53,0
DA:55,0
DA:56,0
LF:22
LH:0
BRDA:34,0,0,0
BRDA:35,1,0,0
BRDA:35,1,1,0
BRDA:40,2,0,0
BRDA:40,2,1,0
BRDA:47,3,0,0
BRDA:47,3,1,0
BRF:7
BRH:0
end_of_record
TN:
SF:src\modules\users\services\SendForgotPasswordEmailService.ts
FN:17,(anonymous_18)
FN:18,SendForgotPasswordEmailService
FN:29,(anonymous_20)
FNF:3
FNH:0
FNDA:0,(anonymous_18)
FNDA:0,SendForgotPasswordEmailService
FNDA:0,(anonymous_20)
DA:1,0
DA:3,0
DA:8,0
DA:17,0
DA:20,0
DA:23,0
DA:26,0
DA:29,0
DA:30,0
DA:32,0
DA:33,0
DA:36,0
DA:38,0
DA:45,0
DA:60,0
DA:61,0
LF:16
LH:0
BRDA:30,0,0,0
BRDA:32,1,0,0
BRDA:32,1,1,0
BRF:3
BRH:0
end_of_record
TN:
SF:src\modules\users\services\UpdateProfileService.ts
FN:17,(anonymous_18)
FN:18,UpdateProfile
FN:26,(anonymous_20)
FNF:3
FNH:3
FNDA:1,(anonymous_18)
FNDA:6,UpdateProfile
FNDA:6,(anonymous_20)
DA:1,1
DA:3,1
DA:17,1
DA:20,6
DA:23,6
DA:26,1
DA:27,6
DA:28,6
DA:29,6
DA:30,6
DA:31,6
DA:33,6
DA:34,6
DA:35,1
DA:37,5
DA:38,5
DA:39,1
DA:42,4
DA:43,4
DA:45,4
DA:46,1
DA:51,4
DA:52,2
DA:56,2
DA:57,1
DA:59,1
DA:62,4
DA:63,2
DA:65,1
DA:67,1
LF:30
LH:30
BRDA:33,0,0,6
BRDA:33,0,1,2
BRDA:34,1,0,1
BRDA:34,1,1,5
BRDA:38,2,0,1
BRDA:38,2,1,4
BRDA:38,3,0,5
BRDA:38,3,1,1
BRDA:45,4,0,1
BRDA:45,4,1,3
BRDA:45,5,0,4
BRDA:45,5,1,3
BRDA:51,6,0,1
BRDA:51,6,1,2
BRDA:51,7,0,3
BRDA:51,7,1,2
BRDA:56,8,0,1
BRDA:56,8,1,1
BRF:18
BRH:18
end_of_record
TN:
SF:src\modules\users\services\UpdateUserAvatarService.ts
FN:19,(anonymous_18)
FN:20,UpdateUserAvatarService
FN:28,(anonymous_20)
FNF:3
FNH:0
FNDA:0,(anonymous_18)
FNDA:0,UpdateUserAvatarService
FNDA:0,(anonymous_20)
DA:10,0
DA:12,0
DA:19,0
DA:22,0
DA:25,0
DA:28,0
DA:29,0
DA:30,0
DA:32,0
DA:34,0
DA:35,0
DA:38,0
DA:39,0
DA:42,0
DA:44,0
DA:46,0
DA:48,0
DA:50,0
DA:52,0
LF:19
LH:0
BRDA:32,0,0,0
BRDA:32,0,1,0
BRDA:34,1,0,0
BRDA:34,1,1,0
BRDA:38,2,0,0
BRDA:38,2,1,0
BRF:6
BRH:0
end_of_record
